{"level":"info","message":"Hello from Acquistions!","service":"acquisitions-api"}
{"level":"info","message":"::1 - - [18/Oct/2025:08:34:49 +0000] \"GET / HTTP/1.1\" 304 - \"-\" \"Mozilla/5.0 (Windows NT 10.0; Win64; x64) AppleWebKit/537.36 (KHTML, like Gecko) Chrome/141.0.0.0 Safari/537.36\"","service":"acquisitions-api"}
{"level":"info","message":"::1 - - [18/Oct/2025:08:34:51 +0000] \"GET /favicon.ico HTTP/1.1\" 404 150 \"-\" \"Mozilla/5.0 (Windows NT 10.0; Win64; x64) AppleWebKit/537.36 (KHTML, like Gecko) Chrome/141.0.0.0 Safari/537.36\"","service":"acquisitions-api"}
{"level":"info","message":"Hello from Acquistions!","service":"acquisitions-api"}
{"level":"info","message":"::1 - - [18/Oct/2025:10:10:04 +0000] \"GET / HTTP/1.1\" 304 - \"-\" \"Mozilla/5.0 (Windows NT 10.0; Win64; x64) AppleWebKit/537.36 (KHTML, like Gecko) Chrome/141.0.0.0 Safari/537.36\"","service":"acquisitions-api"}
{"level":"info","message":"Hello from Acquistions!","service":"acquisitions-api"}
{"level":"info","message":"::1 - - [18/Oct/2025:10:16:21 +0000] \"GET / HTTP/1.1\" 200 23 \"-\" \"HTTPie\"","service":"acquisitions-api"}
{"level":"info","message":"::1 - - [18/Oct/2025:10:16:41 +0000] \"GET /api HTTP/1.1\" 200 42 \"-\" \"HTTPie\"","service":"acquisitions-api"}
{"level":"info","message":"::1 - - [18/Oct/2025:10:16:56 +0000] \"GET /health HTTP/1.1\" 200 74 \"-\" \"HTTPie\"","service":"acquisitions-api"}
{"level":"info","message":"::1 - - [18/Oct/2025:10:17:19 +0000] \"POST /api/auth/sign-in HTTP/1.1\" 200 31 \"-\" \"HTTPie\"","service":"acquisitions-api"}
{"level":"info","message":"Hello from Acquistions!","service":"acquisitions-api"}
{"level":"info","message":"::1 - - [18/Oct/2025:10:54:41 +0000] \"GET / HTTP/1.1\" 200 23 \"-\" \"Mozilla/5.0 (Windows NT 10.0; Win64; x64) AppleWebKit/537.36 (KHTML, like Gecko) Chrome/141.0.0.0 Safari/537.36\"","service":"acquisitions-api"}
{"level":"info","message":"::1 - - [18/Oct/2025:10:54:42 +0000] \"GET /favicon.ico HTTP/1.1\" 404 150 \"-\" \"Mozilla/5.0 (Windows NT 10.0; Win64; x64) AppleWebKit/537.36 (KHTML, like Gecko) Chrome/141.0.0.0 Safari/537.36\"","service":"acquisitions-api"}
{"level":"error","message":"Signup Error:  signupSchema is not defined","service":"acquisitions-api","stack":"ReferenceError: signupSchema is not defined\n    at signup (file:///C:/Users/yash/Desktop/All/acquistions/Acquistions/src/controllers/auth.controller.js:6:34)\n    at Layer.handleRequest (C:\\Users\\yash\\Desktop\\All\\acquistions\\Acquistions\\node_modules\\router\\lib\\layer.js:152:17)\n    at next (C:\\Users\\yash\\Desktop\\All\\acquistions\\Acquistions\\node_modules\\router\\lib\\route.js:157:13)\n    at Route.dispatch (C:\\Users\\yash\\Desktop\\All\\acquistions\\Acquistions\\node_modules\\router\\lib\\route.js:117:3)\n    at handle (C:\\Users\\yash\\Desktop\\All\\acquistions\\Acquistions\\node_modules\\router\\index.js:435:11)\n    at Layer.handleRequest (C:\\Users\\yash\\Desktop\\All\\acquistions\\Acquistions\\node_modules\\router\\lib\\layer.js:152:17)\n    at C:\\Users\\yash\\Desktop\\All\\acquistions\\Acquistions\\node_modules\\router\\index.js:295:15\n    at processParams (C:\\Users\\yash\\Desktop\\All\\acquistions\\Acquistions\\node_modules\\router\\index.js:582:12)\n    at next (C:\\Users\\yash\\Desktop\\All\\acquistions\\Acquistions\\node_modules\\router\\index.js:291:5)\n    at Function.handle (C:\\Users\\yash\\Desktop\\All\\acquistions\\Acquistions\\node_modules\\router\\index.js:186:3)"}
{"level":"info","message":"::1 - - [18/Oct/2025:10:54:47 +0000] \"POST /api/auth/sign-up HTTP/1.1\" 500 1371 \"-\" \"HTTPie\"","service":"acquisitions-api"}
{"level":"error","message":"Signup Error:  signupSchema is not defined","service":"acquisitions-api","stack":"ReferenceError: signupSchema is not defined\n    at signup (file:///C:/Users/yash/Desktop/All/acquistions/Acquistions/src/controllers/auth.controller.js:6:34)\n    at Layer.handleRequest (C:\\Users\\yash\\Desktop\\All\\acquistions\\Acquistions\\node_modules\\router\\lib\\layer.js:152:17)\n    at next (C:\\Users\\yash\\Desktop\\All\\acquistions\\Acquistions\\node_modules\\router\\lib\\route.js:157:13)\n    at Route.dispatch (C:\\Users\\yash\\Desktop\\All\\acquistions\\Acquistions\\node_modules\\router\\lib\\route.js:117:3)\n    at handle (C:\\Users\\yash\\Desktop\\All\\acquistions\\Acquistions\\node_modules\\router\\index.js:435:11)\n    at Layer.handleRequest (C:\\Users\\yash\\Desktop\\All\\acquistions\\Acquistions\\node_modules\\router\\lib\\layer.js:152:17)\n    at C:\\Users\\yash\\Desktop\\All\\acquistions\\Acquistions\\node_modules\\router\\index.js:295:15\n    at processParams (C:\\Users\\yash\\Desktop\\All\\acquistions\\Acquistions\\node_modules\\router\\index.js:582:12)\n    at next (C:\\Users\\yash\\Desktop\\All\\acquistions\\Acquistions\\node_modules\\router\\index.js:291:5)\n    at Function.handle (C:\\Users\\yash\\Desktop\\All\\acquistions\\Acquistions\\node_modules\\router\\index.js:186:3)"}
{"level":"info","message":"::1 - - [18/Oct/2025:10:57:10 +0000] \"POST /api/auth/sign-up HTTP/1.1\" 500 1382 \"-\" \"HTTPie\"","service":"acquisitions-api"}
{"level":"info","message":"::1 - - [18/Oct/2025:10:59:21 +0000] \"POST /api/auth/sign-up HTTP/1.1\" 400 92 \"-\" \"HTTPie\"","service":"acquisitions-api"}
{"level":"info","message":"::1 - - [18/Oct/2025:18:08:55 +0000] \"POST /api/auth/sign-up HTTP/1.1\" 400 92 \"-\" \"HTTPie\"","service":"acquisitions-api"}
{"level":"info","message":"User registered successfully: contact@js.com","service":"acquisitions-api"}
{"level":"info","message":"::1 - - [18/Oct/2025:18:11:15 +0000] \"POST /api/auth/sign-up HTTP/1.1\" 201 98 \"-\" \"HTTPie\"","service":"acquisitions-api"}
{"level":"error","message":"Create User Error:  Cannot convert undefined or null to object","service":"acquisitions-api","stack":"TypeError: Cannot convert undefined or null to object\n    at Function.entries (<anonymous>)\n    at orderSelectedFields (file:///C:/Users/yash/Desktop/All/acquistions/Acquistions/node_modules/drizzle-orm/utils.js:53:17)\n    at file:///C:/Users/yash/Desktop/All/acquistions/Acquistions/node_modules/drizzle-orm/utils.js:63:22\n    at Array.reduce (<anonymous>)\n    at orderSelectedFields (file:///C:/Users/yash/Desktop/All/acquistions/Acquistions/node_modules/drizzle-orm/utils.js:53:33)\n    at QueryPromise.returning (file:///C:/Users/yash/Desktop/All/acquistions/Acquistions/node_modules/drizzle-orm/pg-core/query-builders/insert.js:75:29)\n    at createUser (file:///C:/Users/yash/Desktop/All/acquistions/Acquistions/src/services/auth.service.js:31:12)\n    at async signup (file:///C:/Users/yash/Desktop/All/acquistions/Acquistions/src/controllers/auth.controller.js:23:22)"}
{"level":"error","message":"Signup Error:  Cannot convert undefined or null to object","service":"acquisitions-api","stack":"TypeError: Cannot convert undefined or null to object\n    at Function.entries (<anonymous>)\n    at orderSelectedFields (file:///C:/Users/yash/Desktop/All/acquistions/Acquistions/node_modules/drizzle-orm/utils.js:53:17)\n    at file:///C:/Users/yash/Desktop/All/acquistions/Acquistions/node_modules/drizzle-orm/utils.js:63:22\n    at Array.reduce (<anonymous>)\n    at orderSelectedFields (file:///C:/Users/yash/Desktop/All/acquistions/Acquistions/node_modules/drizzle-orm/utils.js:53:33)\n    at QueryPromise.returning (file:///C:/Users/yash/Desktop/All/acquistions/Acquistions/node_modules/drizzle-orm/pg-core/query-builders/insert.js:75:29)\n    at createUser (file:///C:/Users/yash/Desktop/All/acquistions/Acquistions/src/services/auth.service.js:31:12)\n    at async signup (file:///C:/Users/yash/Desktop/All/acquistions/Acquistions/src/controllers/auth.controller.js:23:22)"}
{"level":"info","message":"::1 - - [18/Oct/2025:18:41:41 +0000] \"POST /api/auth/sign-up HTTP/1.1\" 500 1115 \"-\" \"HTTPie\"","service":"acquisitions-api"}
{"level":"info","message":"User admin@js.pro created successfully","service":"acquisitions-api"}
{"level":"error","message":"Signup Error:  cookies is not defined","service":"acquisitions-api","stack":"ReferenceError: cookies is not defined\n    at signup (file:///C:/Users/yash/Desktop/All/acquistions/Acquistions/src/controllers/auth.controller.js:26:9)\n    at process.processTicksAndRejections (node:internal/process/task_queues:105:5)"}
{"level":"info","message":"::1 - - [18/Oct/2025:18:49:09 +0000] \"POST /api/auth/sign-up HTTP/1.1\" 500 388 \"-\" \"HTTPie\"","service":"acquisitions-api"}
{"level":"error","message":"Create User Error:  User with this email already exists","service":"acquisitions-api","stack":"Error: User with this email already exists\n    at createUser (file:///C:/Users/yash/Desktop/All/acquistions/Acquistions/src/services/auth.service.js:21:19)\n    at process.processTicksAndRejections (node:internal/process/task_queues:105:5)\n    at async signup (file:///C:/Users/yash/Desktop/All/acquistions/Acquistions/src/controllers/auth.controller.js:23:22)"}
{"level":"error","message":"Signup Error:  User with this email already exists","service":"acquisitions-api","stack":"Error: User with this email already exists\n    at createUser (file:///C:/Users/yash/Desktop/All/acquistions/Acquistions/src/services/auth.service.js:21:19)\n    at process.processTicksAndRejections (node:internal/process/task_queues:105:5)\n    at async signup (file:///C:/Users/yash/Desktop/All/acquistions/Acquistions/src/controllers/auth.controller.js:23:22)"}
{"level":"info","message":"::1 - - [18/Oct/2025:18:51:01 +0000] \"POST /api/auth/sign-up HTTP/1.1\" 409 34 \"-\" \"HTTPie\"","service":"acquisitions-api"}
{"level":"info","message":"User aadmi@js.pro created successfully","service":"acquisitions-api"}
{"level":"info","message":"User registered successfully: aadmi@js.pro","service":"acquisitions-api"}
{"level":"info","message":"::1 - - [18/Oct/2025:18:51:21 +0000] \"POST /api/auth/sign-up HTTP/1.1\" 201 98 \"-\" \"HTTPie\"","service":"acquisitions-api"}
{"level":"info","message":"Hello from Acquistions!","service":"acquisitions-api"}
{"level":"info","message":"::1 - - [21/Oct/2025:03:48:44 +0000] \"GET / HTTP/1.1\" 200 23 \"-\" \"Mozilla/5.0 (Windows NT 10.0; Win64; x64) AppleWebKit/537.36 (KHTML, like Gecko) Chrome/141.0.0.0 Safari/537.36\"","service":"acquisitions-api"}
{"level":"info","message":"::1 - - [21/Oct/2025:03:48:45 +0000] \"GET /favicon.ico HTTP/1.1\" 404 150 \"-\" \"Mozilla/5.0 (Windows NT 10.0; Win64; x64) AppleWebKit/537.36 (KHTML, like Gecko) Chrome/141.0.0.0 Safari/537.36\"","service":"acquisitions-api"}
{"level":"info","message":"User aadmi@js.pro authenticated successfully","service":"acquisitions-api"}
{"level":"info","message":"User logged in successfully: aadmi@js.pro","service":"acquisitions-api"}
{"level":"info","message":"::1 - - [21/Oct/2025:03:48:55 +0000] \"POST /api/auth/sign-in HTTP/1.1\" 200 97 \"-\" \"HTTPie\"","service":"acquisitions-api"}
{"level":"info","message":"::1 - - [21/Oct/2025:04:01:15 +0000] \"POST /health HTTP/1.1\" 404 146 \"-\" \"HTTPie\"","service":"acquisitions-api"}
{"level":"info","message":"::1 - - [21/Oct/2025:04:01:37 +0000] \"GET /health HTTP/1.1\" 200 75 \"-\" \"HTTPie\"","service":"acquisitions-api"}
{"level":"info","message":"::1 - - [21/Oct/2025:04:03:12 +0000] \"GET /api/auth/sign-out HTTP/1.1\" 404 156 \"-\" \"HTTPie\"","service":"acquisitions-api"}
{"level":"info","message":"::1 - - [21/Oct/2025:04:03:36 +0000] \"GET /api/auth/sign-out HTTP/1.1\" 404 156 \"-\" \"HTTPie\"","service":"acquisitions-api"}
{"level":"info","message":"User logged out","service":"acquisitions-api"}
{"level":"info","message":"::1 - - [21/Oct/2025:04:03:43 +0000] \"POST /api/auth/sign-out HTTP/1.1\" 200 29 \"-\" \"HTTPie\"","service":"acquisitions-api"}
{"level":"error","message":"Arcjet middleware error: client.protection is not a function","service":"acquisitions-api","stack":"TypeError: client.protection is not a function\n    at securityMiddleware (file:///C:/Users/yash/Desktop/All/acquistions/Acquistions/src/middleware/security.middleware.js:30:35)\n    at Layer.handleRequest (C:\\Users\\yash\\Desktop\\All\\acquistions\\Acquistions\\node_modules\\router\\lib\\layer.js:152:17)\n    at trimPrefix (C:\\Users\\yash\\Desktop\\All\\acquistions\\Acquistions\\node_modules\\router\\index.js:342:13)\n    at C:\\Users\\yash\\Desktop\\All\\acquistions\\Acquistions\\node_modules\\router\\index.js:297:9\n    at processParams (C:\\Users\\yash\\Desktop\\All\\acquistions\\Acquistions\\node_modules\\router\\index.js:582:12)\n    at next (C:\\Users\\yash\\Desktop\\All\\acquistions\\Acquistions\\node_modules\\router\\index.js:291:5)\n    at logger (C:\\Users\\yash\\Desktop\\All\\acquistions\\Acquistions\\node_modules\\morgan\\index.js:144:5)\n    at Layer.handleRequest (C:\\Users\\yash\\Desktop\\All\\acquistions\\Acquistions\\node_modules\\router\\lib\\layer.js:152:17)\n    at trimPrefix (C:\\Users\\yash\\Desktop\\All\\acquistions\\Acquistions\\node_modules\\router\\index.js:342:13)\n    at C:\\Users\\yash\\Desktop\\All\\acquistions\\Acquistions\\node_modules\\router\\index.js:297:9"}
{"level":"info","message":"::1 - - [21/Oct/2025:04:56:25 +0000] \"GET /health HTTP/1.1\" 500 91 \"-\" \"HTTPie\"","service":"acquisitions-api"}
{"level":"info","message":"::1 - - [21/Oct/2025:05:01:07 +0000] \"GET /health HTTP/1.1\" 200 74 \"-\" \"HTTPie\"","service":"acquisitions-api"}
{"level":"info","message":"::1 - - [21/Oct/2025:05:01:25 +0000] \"GET /health HTTP/1.1\" 200 74 \"-\" \"HTTPie\"","service":"acquisitions-api"}
{"level":"info","message":"::1 - - [21/Oct/2025:05:01:25 +0000] \"GET /health HTTP/1.1\" 200 74 \"-\" \"HTTPie\"","service":"acquisitions-api"}
{"level":"info","message":"::1 - - [21/Oct/2025:05:01:26 +0000] \"GET /health HTTP/1.1\" 200 74 \"-\" \"HTTPie\"","service":"acquisitions-api"}
{"level":"info","message":"::1 - - [21/Oct/2025:05:01:27 +0000] \"GET /health HTTP/1.1\" 200 74 \"-\" \"HTTPie\"","service":"acquisitions-api"}
{"ip":"::1","level":"warn","message":"Rate limit exceeded","path":"/health","service":"acquisitions-api","userAgent":"HTTPie"}
{"level":"info","message":"::1 - - [21/Oct/2025:05:01:28 +0000] \"GET /health HTTP/1.1\" 403 89 \"-\" \"HTTPie\"","service":"acquisitions-api"}
